d:\myfiles\imgui_glasss xd11\imgui_glasss xd11\examples\example_win32_directx11\release\vc143.pdb
d:\myfiles\imgui_glasss xd11\imgui_glasss xd11\examples\example_win32_directx11\release\main.obj
d:\myfiles\imgui_glasss xd11\imgui_glasss xd11\examples\example_win32_directx11\release\imgui_impl_win32.obj
d:\myfiles\imgui_glasss xd11\imgui_glasss xd11\examples\example_win32_directx11\release\imgui_impl_dx11.obj
d:\myfiles\imgui_glasss xd11\imgui_glasss xd11\examples\example_win32_directx11\release\imgui_widgets.obj
d:\myfiles\imgui_glasss xd11\imgui_glasss xd11\examples\example_win32_directx11\release\imgui_tables.obj
d:\myfiles\imgui_glasss xd11\imgui_glasss xd11\examples\example_win32_directx11\release\imgui_draw.obj
d:\myfiles\imgui_glasss xd11\imgui_glasss xd11\examples\example_win32_directx11\release\imgui.obj
c:\users\noins\desktop\imgui design\imgui_glasss xd11\examples\example_win32_directx11\release\example_win32_directx11.ipdb
c:\users\noins\desktop\imgui design\imgui_glasss xd11\examples\example_win32_directx11\release\example_win32_directx11.iobj
c:\users\alexi\desktop\imgui_glasss xd11\examples\example_win32_directx11\release\example_win32_directx11.ipdb
c:\users\alexi\desktop\imgui_glasss xd11\examples\example_win32_directx11\release\example_win32_directx11.iobj
d:\myfiles\imgui_glasss xd11\imgui_glasss xd11\examples\example_win32_directx11\release\example_win32_directx11.ipdb
d:\myfiles\imgui_glasss xd11\imgui_glasss xd11\examples\example_win32_directx11\release\example_win32_directx11.iobj
d:\myfiles\imgui_glasss xd11\imgui_glasss xd11\examples\example_win32_directx11\release\example_win32_directx11.exe
d:\myfiles\imgui_glasss xd11\imgui_glasss xd11\examples\example_win32_directx11\release\example_win32_directx11.pdb
d:\myfiles\imgui_glasss xd11\imgui_glasss xd11\examples\example_win32_directx11\release\example_win32_directx11.vcxproj.filelistabsolute.txt
d:\myfiles\imgui_glasss xd11\imgui_glasss xd11\examples\example_win32_directx11\release\example_.9f316e83.tlog\cl.command.1.tlog
d:\myfiles\imgui_glasss xd11\imgui_glasss xd11\examples\example_win32_directx11\release\example_.9f316e83.tlog\cl.read.1.tlog
d:\myfiles\imgui_glasss xd11\imgui_glasss xd11\examples\example_win32_directx11\release\example_.9f316e83.tlog\cl.write.1.tlog
d:\myfiles\imgui_glasss xd11\imgui_glasss xd11\examples\example_win32_directx11\release\example_.9f316e83.tlog\example_win32_directx11.write.1u.tlog
d:\myfiles\imgui_glasss xd11\imgui_glasss xd11\examples\example_win32_directx11\release\example_.9f316e83.tlog\link.command.1.tlog
d:\myfiles\imgui_glasss xd11\imgui_glasss xd11\examples\example_win32_directx11\release\example_.9f316e83.tlog\link.read.1.tlog
d:\myfiles\imgui_glasss xd11\imgui_glasss xd11\examples\example_win32_directx11\release\example_.9f316e83.tlog\link.write.1.tlog
d:\myfiles\imgui_glasss xd11\imgui_glasss xd11\examples\example_win32_directx11\release\example_.9f316e83.tlog\link.write.2u.tlog
